2019-12-04 18:00:15,994 DEBUG c.c.d.BankLauncher [main] The Walker Banking Application Log is running! :)
2019-12-04 18:00:54,581 DEBUG c.c.m.StartMenu [main] Open new user account
2019-12-04 18:18:49,949 DEBUG c.c.d.Driver [main] ^^^^^^Please Dont Adjust Your Eyes. It Is Just My Log! Please Stand By!^^^^^^
2019-12-04 18:19:53,103 DEBUG c.c.m.LoginMenu [main] Open new user account
2019-12-04 18:21:09,104 DEBUG c.c.d.Driver [main] ^^^^^^Please Dont Adjust Your Eyes. It Is Just My Log! Please Stand By!^^^^^^
2019-12-04 18:21:16,490 DEBUG c.c.m.LoginMenu [main] Open new user account
2019-12-04 18:21:37,319 DEBUG c.c.d.Driver [main] ^^^^^^Please Dont Adjust Your Eyes. It Is Just My Log! Please Stand By!^^^^^^
2019-12-04 18:24:54,056 DEBUG c.c.d.Driver [main] ^^^^^^Please Dont Adjust Your Eyes. It Is Just My Log! Please Stand By!^^^^^^
2019-12-04 18:54:23,341 DEBUG c.c.d.Driver [main] ^^^^^^Please Dont Adjust Your Eyes. It Is Just My Log! Please Stand By!^^^^^^
2019-12-04 18:55:28,110 DEBUG c.c.m.LoginMenu [main] Exiting Banking App
2019-12-04 19:08:01,086 DEBUG c.c.d.Driver [main] ^^^^^^Please Dont Be Alarmed... Dont Adjust Your Eyes... It Is Just My Log! Please Stand By!^^^^^^
2019-12-04 19:08:31,764 DEBUG c.c.m.LoginMenu [main] OPEN NEW USER ACCOUNT...
2019-12-04 19:09:25,962 DEBUG c.c.d.Driver [main] ^^^^^^Please Dont Be Alarmed... Dont Adjust Your Eyes... It Is Just My Log! Please Stand By!^^^^^^
2019-12-04 19:31:44,931 DEBUG c.c.d.Driver [main] ^^^^^^           ++Please Dont Be Alarmed... Dont Adjust Your Eyes... It Is Just My Log! Please Stand By!++              ^^^^^^
2019-12-04 19:32:01,442 DEBUG c.c.m.LoginMenu [main] OPEN NEW USER ACCOUNT...
2019-12-04 19:32:28,833 DEBUG c.c.d.Driver [main] ^^^^^^           ++Please Dont Be Alarmed... Dont Adjust Your Eyes... It Is Just My Log! Please Stand By!++              ^^^^^^
2019-12-04 19:37:18,068 DEBUG c.c.d.Driver [main] ^^^^^^           ++Please Dont Be Alarmed... Dont Adjust Your Eyes... It Is Just My Log! Please Stand By!++              ^^^^^^
2019-12-04 19:37:29,991 DEBUG c.c.m.LoginMenu [main] OPEN NEW USER ACCOUNT...
2019-12-04 19:37:58,310 DEBUG c.c.d.Driver [main] ^^^^^^           ++Please Dont Be Alarmed... Dont Adjust Your Eyes... It Is Just My Log! Please Stand By!++              ^^^^^^
2019-12-04 19:40:07,249 DEBUG c.c.d.Driver [main] ^^^^^^           ++Please Dont Be Alarmed... Dont Adjust Your Eyes... It Is Just My Log! Please Stand By!++              ^^^^^^
2019-12-04 19:40:46,640 DEBUG c.c.d.Driver [main] ^^^^^^           ++Please Dont Be Alarmed... Dont Adjust Your Eyes... It Is Just My Log! Please Stand By!++              ^^^^^^
2019-12-04 19:41:58,418 DEBUG c.c.d.Driver [main] ^^^^^^           ++Please Dont Be Alarmed... Dont Adjust Your Eyes... It Is Just My Log! Please Stand By!++              ^^^^^^
2019-12-04 19:42:05,040 DEBUG c.c.m.LoginMenu [main] LOGGING IN TO EXISTING ACCOUNT...
2019-12-04 19:42:25,822 DEBUG c.c.d.Driver [main] ^^^^^^           ++Please Dont Be Alarmed... Dont Adjust Your Eyes... It Is Just My Log! Please Stand By!++              ^^^^^^
2019-12-04 19:42:43,120 DEBUG c.c.d.Driver [main] ^^^^^^           ++Please Dont Be Alarmed... Dont Adjust Your Eyes... It Is Just My Log! Please Stand By!++              ^^^^^^
2019-12-04 19:59:18,244 DEBUG c.c.d.Driver [main] ^^^^^^           ++Please Dont Be Alarmed... Dont Adjust Your Eyes... It Is Just My Log! Please Stand By!++              ^^^^^^
2019-12-04 19:59:30,684 DEBUG c.c.m.LoginMenu [main] OPEN NEW USER ACCOUNT...
2019-12-04 20:00:03,653 DEBUG c.c.d.Driver [main] ^^^^^^           ++Please Dont Be Alarmed... Dont Adjust Your Eyes... It Is Just My Log! Please Stand By!++              ^^^^^^
2019-12-04 20:00:26,499 DEBUG c.c.d.Driver [main] ^^^^^^           ++Please Dont Be Alarmed... Dont Adjust Your Eyes... It Is Just My Log! Please Stand By!++              ^^^^^^
2019-12-04 20:01:06,143 DEBUG c.c.d.Driver [main] ^^^^^^           ++Please Dont Be Alarmed... Dont Adjust Your Eyes... It Is Just My Log! Please Stand By!++              ^^^^^^
2019-12-04 20:01:47,527 DEBUG c.c.d.Driver [main] ^^^^^^           ++Please Dont Be Alarmed... Dont Adjust Your Eyes... It Is Just My Log! Please Stand By!++              ^^^^^^
2019-12-04 20:01:59,520 DEBUG c.c.d.Driver [main] ^^^^^^           ++Please Dont Be Alarmed... Dont Adjust Your Eyes... It Is Just My Log! Please Stand By!++              ^^^^^^
2019-12-04 20:02:30,611 DEBUG c.c.d.Driver [main] ^^^^^^           ++Please Dont Be Alarmed... Dont Adjust Your Eyes... It Is Just My Log! Please Stand By!++              ^^^^^^
2019-12-04 20:02:58,406 DEBUG c.c.d.Driver [main] ^^^^^^           ++Please Dont Be Alarmed... Dont Adjust Your Eyes... It Is Just My Log! Please Stand By!++              ^^^^^^
2019-12-04 20:03:29,525 DEBUG c.c.d.Driver [main] ^^^^^^           ++Please Dont Be Alarmed... Dont Adjust Your Eyes... It Is Just My Log! Please Stand By!++              ^^^^^^
2019-12-04 20:04:22,808 DEBUG c.c.d.Driver [main] ^^^^^^           ++Please Dont Be Alarmed... Dont Adjust Your Eyes... It Is Just My Log! Please Stand By!++              ^^^^^^
2019-12-04 20:04:54,860 DEBUG c.c.d.Driver [main] ^^^^^^           ++Please Dont Be Alarmed... Dont Adjust Your Eyes... It Is Just My Log! Please Stand By!++              ^^^^^^
2019-12-04 20:05:13,029 DEBUG c.c.d.Driver [main] ^^^^^^           ++Please Dont Be Alarmed... Dont Adjust Your Eyes... It Is Just My Log! Please Stand By!++              ^^^^^^
2019-12-04 20:07:28,530 DEBUG c.c.d.Driver [main] ^^^^^^           ++Please Dont Be Alarmed... Dont Adjust Your Eyes... It Is Just My Log! Please Stand By!++              ^^^^^^
2019-12-04 20:07:33,909 DEBUG c.c.m.LoginMenu [main] OPEN NEW USER ACCOUNT...
2019-12-04 20:08:02,784 DEBUG c.c.d.Driver [main] ^^^^^^           ++Please Dont Be Alarmed... Dont Adjust Your Eyes... It Is Just My Log! Please Stand By!++              ^^^^^^
2019-12-04 20:50:56,677 DEBUG c.c.d.Driver [main] ^^^^^^           ++Please Dont Be Alarmed... Dont Adjust Your Eyes... It Is Just My Log! Please Stand By!++              ^^^^^^
2019-12-04 20:56:07,799 DEBUG c.c.d.Driver [main] 
2019-12-04 21:00:10,961 DEBUG c.c.d.Driver [main] 
2019-12-04 21:01:23,397 DEBUG c.c.m.LoginMenu [main] 
2019-12-04 21:02:53,290 DEBUG c.c.d.Driver [main] 
2019-12-04 21:03:16,223 DEBUG c.c.d.Driver [main] 
2019-12-04 21:03:38,822 DEBUG c.c.d.Driver [main] 
2019-12-04 21:04:25,569 DEBUG c.c.d.Driver [main] 
2019-12-04 21:04:37,119 DEBUG c.c.d.Driver [main] 
2019-12-04 21:05:56,349 DEBUG c.c.d.Driver [main] 
2019-12-04 21:06:45,912 DEBUG c.c.d.Driver [main] 
2019-12-04 21:13:33,303 DEBUG c.c.d.Driver [main] 
2019-12-04 21:13:43,433 DEBUG c.c.m.LoginMenu [main] 
2019-12-04 21:14:03,959 DEBUG c.c.d.Driver [main] 
2019-12-04 21:14:21,644 DEBUG c.c.d.Driver [main] 
2019-12-04 21:25:18,193 DEBUG c.c.d.Driver [main] 
2019-12-04 21:25:21,279 DEBUG c.c.m.LoginMenu [main] 
2019-12-04 21:32:33,630 DEBUG c.c.d.Driver [main] 
2019-12-04 21:32:37,646 DEBUG c.c.m.LoginMenu [main] 
2019-12-04 21:34:09,317 DEBUG c.c.d.Driver [main] 
2019-12-04 21:34:28,220 DEBUG c.c.m.LoginMenu [main] 
2019-12-04 21:39:45,343 DEBUG c.c.d.Driver [main] 
2019-12-04 21:42:05,554 DEBUG c.c.d.Driver [main] 
2019-12-04 21:44:09,608 DEBUG c.c.d.Driver [main] 
2019-12-04 21:46:16,476 DEBUG c.c.d.Driver [main] 
2019-12-04 22:13:41,418 DEBUG c.c.d.Driver [main] 
2019-12-04 22:14:03,781 DEBUG c.c.m.LoginMenu [main] 
2019-12-04 22:15:01,624 DEBUG c.c.d.Driver [main] 
2019-12-04 22:15:06,627 DEBUG c.c.m.LoginMenu [main] 
2019-12-04 22:53:53,529 DEBUG c.c.d.Driver [main] 
2019-12-04 22:55:13,295 DEBUG c.c.d.Driver [main] 
2019-12-04 22:57:23,882 DEBUG c.c.d.Driver [main] 
2019-12-04 22:57:58,729 DEBUG c.c.d.Driver [main] 
2019-12-04 22:58:52,312 DEBUG c.c.d.Driver [main] 
2019-12-04 22:59:33,542 DEBUG c.c.d.Driver [main] 
2019-12-04 23:00:31,864 DEBUG c.c.d.Driver [main] 
2019-12-04 23:01:14,530 DEBUG c.c.d.Driver [main] 
2019-12-04 23:13:07,402 DEBUG c.c.d.Driver [main] 
2019-12-04 23:16:14,405 DEBUG c.c.d.Driver [main] 
2019-12-04 23:16:54,273 DEBUG c.c.d.Driver [main] 
2019-12-04 23:17:05,949 DEBUG c.c.d.Driver [main] 
2019-12-04 23:17:15,977 DEBUG c.c.d.Driver [main] 
2019-12-04 23:17:59,659 DEBUG c.c.d.Driver [main] 
2019-12-04 23:18:10,653 DEBUG c.c.d.Driver [main] 
2019-12-04 23:19:10,532 DEBUG c.c.m.LoginMenu [main] 
2019-12-05 09:24:24,976 DEBUG c.c.d.Driver [main] 
2019-12-05 09:24:41,915 DEBUG c.c.m.LoginMenu [main] 
2019-12-05 11:16:11,234 DEBUG c.c.d.Driver [main] 
2019-12-05 11:16:22,378 DEBUG c.c.m.LoginMenu [main] 
2019-12-05 11:23:24,555 DEBUG c.c.d.Driver [main] 
2019-12-05 11:23:41,677 DEBUG c.c.m.LoginMenu [main] 
2019-12-05 12:26:28,980 DEBUG c.c.d.Driver [main] 
2019-12-05 12:26:39,034 DEBUG c.c.m.LoginMenu [main] 
2019-12-05 13:02:32,412 DEBUG c.c.d.Driver [main] 
2019-12-05 13:02:39,635 DEBUG c.c.m.LoginMenu [main] 
2019-12-05 13:08:47,895 DEBUG c.c.d.Driver [main] 
2019-12-05 13:08:53,274 DEBUG c.c.m.LoginMenu [main] 
2019-12-05 13:13:01,929 DEBUG c.c.d.Driver [main] 
2019-12-05 13:13:06,685 DEBUG c.c.m.LoginMenu [main] 
2019-12-05 13:23:13,542 DEBUG c.c.d.Driver [main] 
2019-12-05 13:23:17,211 DEBUG c.c.m.LoginMenu [main] 
2019-12-05 13:24:38,852 DEBUG c.c.d.Driver [main] 
2019-12-05 13:24:45,845 DEBUG c.c.m.LoginMenu [main] 
2019-12-05 13:27:31,655 DEBUG c.c.d.Driver [main] 
2019-12-05 13:27:35,998 DEBUG c.c.m.LoginMenu [main] 
2019-12-05 13:28:52,514 DEBUG c.c.d.Driver [main] 
2019-12-05 13:29:01,543 DEBUG c.c.m.LoginMenu [main] 
2019-12-05 13:31:21,863 DEBUG c.c.d.Driver [main] 
2019-12-05 13:31:25,370 DEBUG c.c.m.LoginMenu [main] 
2019-12-05 13:33:16,656 DEBUG c.c.d.Driver [main] 
2019-12-05 13:33:19,997 DEBUG c.c.m.LoginMenu [main] 
2019-12-05 13:39:18,954 DEBUG c.c.d.Driver [main] 
2019-12-05 13:39:27,119 DEBUG c.c.m.LoginMenu [main] 
2019-12-05 14:01:25,670 DEBUG c.c.d.Driver [main] 
2019-12-05 14:22:36,869 DEBUG c.c.m.LoginMenu [main] 
2019-12-05 14:57:11,514 DEBUG c.c.d.Driver [main] 
2019-12-05 14:57:16,419 DEBUG c.c.m.LoginMenu [main] 
2019-12-05 14:58:00,044 DEBUG c.c.d.Driver [main] 
2019-12-05 14:58:03,687 DEBUG c.c.m.LoginMenu [main] 
2019-12-05 14:59:32,407 DEBUG c.c.d.Driver [main] 
2019-12-05 14:59:36,598 DEBUG c.c.m.LoginMenu [main] 
2019-12-05 15:02:22,495 DEBUG c.c.d.Driver [main] 
2019-12-05 15:02:26,323 DEBUG c.c.m.LoginMenu [main] 
2019-12-05 15:05:29,780 DEBUG c.c.d.Driver [main] 
2019-12-05 15:05:33,955 DEBUG c.c.m.LoginMenu [main] 
2019-12-05 15:07:30,436 DEBUG c.c.d.Driver [main] 
2019-12-05 15:07:34,205 DEBUG c.c.m.LoginMenu [main] 
2019-12-05 15:09:27,773 DEBUG c.c.d.Driver [main] 
2019-12-05 16:31:31,218 DEBUG c.c.d.Driver [main] 
2019-12-05 16:31:37,113 DEBUG c.c.m.LoginMenu [main] 
2019-12-05 16:31:54,923 DEBUG c.c.d.Driver [main] 
2019-12-05 17:18:50,905 DEBUG c.c.d.Driver [main] 
2019-12-05 17:18:58,543 DEBUG c.c.m.LoginMenu [main] 
2019-12-05 17:24:04,840 DEBUG c.c.d.Driver [main] 
2019-12-05 17:24:08,567 DEBUG c.c.m.LoginMenu [main] 
2019-12-05 17:30:41,976 DEBUG c.c.d.Driver [main] 
2019-12-05 17:30:47,875 DEBUG c.c.m.LoginMenu [main] 
2019-12-05 17:41:19,049 DEBUG c.c.d.Driver [main] 
2019-12-05 17:41:23,228 DEBUG c.c.m.LoginMenu [main] 
2019-12-05 17:47:44,191 DEBUG c.c.d.Driver [main] 
2019-12-05 17:47:49,955 DEBUG c.c.m.LoginMenu [main] 
2019-12-05 17:55:28,256 DEBUG c.c.d.Driver [main] 
2019-12-05 17:55:32,688 DEBUG c.c.m.LoginMenu [main] 
2019-12-05 19:21:18,296 DEBUG c.c.d.Driver [main] 
2019-12-05 19:21:23,826 DEBUG c.c.m.LoginMenu [main] 
2019-12-05 19:23:25,616 DEBUG c.c.d.Driver [main] 
2019-12-05 19:23:29,245 DEBUG c.c.m.LoginMenu [main] 
2019-12-05 19:25:25,541 DEBUG c.c.d.Driver [main] 
2019-12-05 19:25:30,975 DEBUG c.c.m.LoginMenu [main] 
2019-12-05 20:31:51,229 DEBUG c.c.d.Driver [main] 
2019-12-05 20:31:58,568 DEBUG c.c.m.LoginMenu [main] 
2019-12-05 20:33:02,521 DEBUG c.c.d.Driver [main] 
2019-12-05 20:33:14,106 DEBUG c.c.m.LoginMenu [main] 
2019-12-05 20:38:19,223 DEBUG c.c.d.Driver [main] 
2019-12-05 20:39:05,390 DEBUG c.c.m.LoginMenu [main] 
2019-12-05 20:43:12,119 DEBUG c.c.d.Driver [main] 
2019-12-05 20:43:20,265 DEBUG c.c.m.LoginMenu [main] 
2019-12-05 20:51:39,503 DEBUG c.c.d.Driver [main] 
2019-12-05 20:51:43,218 DEBUG c.c.m.LoginMenu [main] 
2019-12-05 20:56:03,125 DEBUG c.c.d.Driver [main] 
2019-12-05 20:56:10,811 DEBUG c.c.m.LoginMenu [main] 
2019-12-05 21:04:13,494 DEBUG c.c.d.Driver [main] 
2019-12-05 21:04:19,563 DEBUG c.c.m.LoginMenu [main] 
2019-12-05 21:13:23,003 DEBUG c.c.d.Driver [main] 
2019-12-05 21:13:38,648 DEBUG c.c.m.LoginMenu [main] 
2019-12-05 21:16:13,899 DEBUG c.c.d.Driver [main] 
2019-12-05 21:16:34,539 DEBUG c.c.m.LoginMenu [main] 
2019-12-05 21:17:25,883 DEBUG c.c.d.Driver [main] 
2019-12-05 21:17:30,296 DEBUG c.c.m.LoginMenu [main] 
2019-12-05 21:19:00,527 DEBUG c.c.d.Driver [main] 
2019-12-05 21:19:20,050 DEBUG c.c.m.LoginMenu [main] 
2019-12-05 21:48:38,443 DEBUG c.c.d.Driver [main] 
2019-12-05 21:48:55,959 DEBUG c.c.m.LoginMenu [main] 
2019-12-05 21:55:44,739 DEBUG c.c.d.Driver [main] 
2019-12-05 21:55:52,464 DEBUG c.c.m.LoginMenu [main] 
2019-12-05 22:00:33,181 DEBUG c.c.d.Driver [main] 
2019-12-05 22:00:46,259 DEBUG c.c.m.LoginMenu [main] 
2019-12-05 22:04:24,486 DEBUG c.c.d.Driver [main] 
2019-12-05 22:04:29,889 DEBUG c.c.m.LoginMenu [main] 
2019-12-05 22:05:41,347 DEBUG c.c.d.Driver [main] 
2019-12-05 22:05:48,341 DEBUG c.c.m.LoginMenu [main] 
2019-12-05 22:06:14,326 DEBUG c.c.d.Driver [main] 
2019-12-05 22:06:20,970 DEBUG c.c.m.LoginMenu [main] 
2019-12-05 22:09:21,325 DEBUG c.c.d.Driver [main] 
2019-12-05 22:09:48,668 DEBUG c.c.m.LoginMenu [main] 
2019-12-05 22:16:41,257 DEBUG c.c.d.Driver [main] 
2019-12-05 22:16:47,626 DEBUG c.c.m.LoginMenu [main] 
2019-12-05 22:20:34,246 DEBUG c.c.d.Driver [main] 
2019-12-05 22:20:50,488 DEBUG c.c.m.LoginMenu [main] 
2019-12-05 22:22:19,096 DEBUG c.c.d.Driver [main] 
2019-12-05 22:22:23,851 DEBUG c.c.m.LoginMenu [main] 
2019-12-05 22:27:42,413 DEBUG c.c.d.Driver [main] 
2019-12-05 22:27:51,818 DEBUG c.c.m.LoginMenu [main] 
2019-12-05 22:41:35,224 DEBUG c.c.d.Driver [main] 
2019-12-05 22:41:40,293 DEBUG c.c.m.LoginMenu [main] 
2019-12-05 22:43:10,229 DEBUG c.c.d.Driver [main] 
2019-12-05 22:43:13,383 DEBUG c.c.m.LoginMenu [main] 
2019-12-05 22:44:28,009 DEBUG c.c.d.Driver [main] 
2019-12-05 22:44:43,126 DEBUG c.c.m.LoginMenu [main] 
2019-12-05 22:51:28,929 DEBUG c.c.d.Driver [main] 
2019-12-05 22:51:32,090 DEBUG c.c.m.LoginMenu [main] 
2019-12-05 22:53:23,739 DEBUG c.c.d.Driver [main] 
2019-12-05 22:53:32,333 DEBUG c.c.m.LoginMenu [main] 
2019-12-05 22:58:31,946 DEBUG c.c.d.Driver [main] 
2019-12-05 22:58:36,295 DEBUG c.c.m.LoginMenu [main] 
2019-12-05 23:00:54,347 DEBUG c.c.d.Driver [main] 
2019-12-05 23:00:58,895 DEBUG c.c.m.LoginMenu [main] 
2019-12-05 23:07:46,589 DEBUG c.c.d.Driver [main] 
2019-12-05 23:08:00,518 DEBUG c.c.m.LoginMenu [main] 
2019-12-05 23:10:13,639 DEBUG c.c.d.Driver [main] 
2019-12-05 23:10:18,450 DEBUG c.c.m.LoginMenu [main] 
2019-12-05 23:11:20,711 DEBUG c.c.d.Driver [main] 
2019-12-05 23:11:25,373 DEBUG c.c.m.LoginMenu [main] 
2019-12-05 23:44:34,763 DEBUG c.c.d.Driver [main] 
2019-12-05 23:44:42,919 DEBUG c.c.m.LoginMenu [main] 
2019-12-05 23:48:36,925 DEBUG c.c.d.Driver [main] 
2019-12-05 23:48:41,669 DEBUG c.c.m.LoginMenu [main] 
2019-12-05 23:50:32,862 DEBUG c.c.d.Driver [main] 
2019-12-05 23:50:36,088 DEBUG c.c.m.LoginMenu [main] 
2019-12-05 23:58:22,624 DEBUG c.c.d.Driver [main] 
2019-12-05 23:58:26,447 DEBUG c.c.m.LoginMenu [main] 
2019-12-06 00:25:12,081 DEBUG c.c.d.Driver [main] 
2019-12-06 00:25:15,134 DEBUG c.c.m.LoginMenu [main] 
2019-12-06 00:25:37,303 DEBUG c.c.d.Driver [main] 
2019-12-06 00:25:41,061 DEBUG c.c.m.LoginMenu [main] 
2019-12-06 00:32:30,314 DEBUG c.c.d.Driver [main] 
2019-12-06 00:32:35,062 DEBUG c.c.m.LoginMenu [main] 
2019-12-06 00:34:34,618 DEBUG c.c.d.Driver [main] 
2019-12-06 00:34:40,120 DEBUG c.c.m.LoginMenu [main] 
2019-12-06 00:39:11,708 DEBUG c.c.d.Driver [main] 
2019-12-06 00:39:17,324 DEBUG c.c.m.LoginMenu [main] 
2019-12-06 00:40:54,181 DEBUG c.c.d.Driver [main] 
2019-12-06 00:41:01,371 DEBUG c.c.m.LoginMenu [main] 
2019-12-06 00:46:49,742 DEBUG c.c.d.Driver [main] 
2019-12-06 00:46:53,631 DEBUG c.c.m.LoginMenu [main] 
2019-12-06 00:47:48,408 DEBUG c.c.d.Driver [main] 
2019-12-06 00:47:55,696 DEBUG c.c.m.LoginMenu [main] 
2019-12-06 01:04:55,531 DEBUG c.c.d.Driver [main] 
2019-12-06 01:05:03,450 DEBUG c.c.m.LoginMenu [main] 
2019-12-06 01:05:08,754 DEBUG c.c.m.LoginMenu [main] 
2019-12-06 01:08:41,453 DEBUG c.c.d.Driver [main] 
2019-12-06 01:08:46,702 DEBUG c.c.m.LoginMenu [main] 
2019-12-06 01:08:51,542 DEBUG c.c.m.LoginMenu [main] 
2019-12-06 01:10:54,722 DEBUG c.c.d.Driver [main] 
2019-12-06 01:11:01,396 DEBUG c.c.m.LoginMenu [main] 
2019-12-06 01:12:33,339 DEBUG c.c.d.Driver [main] 
2019-12-06 01:12:39,823 DEBUG c.c.m.LoginMenu [main] 
2019-12-06 01:13:57,020 DEBUG c.c.d.Driver [main] 
2019-12-06 01:14:02,026 DEBUG c.c.m.LoginMenu [main] 
2019-12-06 01:19:05,663 DEBUG c.c.d.Driver [main] 
2019-12-06 01:19:10,880 DEBUG c.c.m.LoginMenu [main] 
2019-12-06 01:19:54,323 DEBUG c.c.d.Driver [main] 
2019-12-06 01:19:59,376 DEBUG c.c.m.LoginMenu [main] 
2019-12-06 01:21:06,995 DEBUG c.c.d.Driver [main] 
2019-12-06 01:21:12,923 DEBUG c.c.m.LoginMenu [main] 
2019-12-06 01:21:19,116 DEBUG c.c.m.LoginMenu [main] 
2019-12-06 01:22:09,276 DEBUG c.c.d.Driver [main] 
2019-12-06 01:22:16,961 DEBUG c.c.m.LoginMenu [main] 
2019-12-06 11:46:48,111 DEBUG c.c.d.Driver [main] 
2019-12-06 11:54:00,646 DEBUG c.c.m.LoginMenu [main] 
2019-12-06 12:25:07,601 DEBUG c.c.d.Driver [main] 
2019-12-06 12:25:11,187 DEBUG c.c.m.LoginMenu [main] 
2019-12-06 12:27:39,090 DEBUG c.c.d.Driver [main] 
2019-12-06 12:27:42,895 DEBUG c.c.m.LoginMenu [main] 
2019-12-06 12:33:19,808 DEBUG c.c.d.Driver [main] 
2019-12-06 12:33:24,652 DEBUG c.c.m.LoginMenu [main] 
2019-12-06 12:35:36,833 DEBUG c.c.d.Driver [main] 
2019-12-06 12:35:42,735 DEBUG c.c.m.LoginMenu [main] 
2019-12-06 12:43:25,803 DEBUG c.c.d.Driver [main] 
2019-12-06 12:43:29,961 DEBUG c.c.m.LoginMenu [main] 
2019-12-06 12:46:39,232 DEBUG c.c.d.Driver [main] 
2019-12-06 12:46:46,453 DEBUG c.c.m.LoginMenu [main] 
2019-12-06 12:48:07,954 DEBUG c.c.d.Driver [main] 
2019-12-06 12:48:12,452 DEBUG c.c.m.LoginMenu [main] 
2019-12-06 12:50:47,537 DEBUG c.c.d.Driver [main] 
2019-12-06 12:50:52,159 DEBUG c.c.m.LoginMenu [main] 
2019-12-06 12:56:44,287 DEBUG c.c.d.Driver [main] 
2019-12-06 12:56:52,106 DEBUG c.c.m.LoginMenu [main] 
2019-12-06 13:01:04,757 DEBUG c.c.d.Driver [main] 
2019-12-06 13:01:12,143 DEBUG c.c.m.LoginMenu [main] 
2019-12-06 13:01:22,842 DEBUG c.c.d.Driver [main] 
2019-12-06 13:07:00,135 DEBUG c.c.m.LoginMenu [main] 
2019-12-06 13:07:41,837 DEBUG c.c.d.Driver [main] 
2019-12-06 13:07:44,797 DEBUG c.c.m.LoginMenu [main] 
2019-12-06 13:10:30,560 DEBUG c.c.d.Driver [main] 
2019-12-06 13:10:34,477 DEBUG c.c.m.LoginMenu [main] 
2019-12-06 13:16:11,271 DEBUG c.c.d.Driver [main] 
2019-12-06 13:16:15,370 DEBUG c.c.m.LoginMenu [main] 
2019-12-06 13:16:24,840 DEBUG c.c.d.Driver [main] 
2019-12-06 13:16:27,170 DEBUG c.c.m.LoginMenu [main] 
2019-12-06 13:31:50,325 DEBUG c.c.d.Driver [main] 
2019-12-06 13:31:55,806 DEBUG c.c.m.LoginMenu [main] 
2019-12-06 13:32:46,108 DEBUG c.c.d.Driver [main] 
2019-12-06 13:38:18,717 DEBUG c.c.d.Driver [main] 
2019-12-06 13:38:24,355 DEBUG c.c.m.LoginMenu [main] 
2019-12-06 13:47:57,490 DEBUG c.c.d.Driver [main] 
2019-12-06 13:48:04,307 DEBUG c.c.m.LoginMenu [main] 
2019-12-06 13:56:13,200 DEBUG c.c.d.Driver [main] 
2019-12-06 13:56:20,351 DEBUG c.c.m.LoginMenu [main] 
2019-12-06 13:57:11,724 DEBUG c.c.d.Driver [main] 
2019-12-06 13:57:19,067 DEBUG c.c.m.LoginMenu [main] 
2019-12-06 13:57:47,173 DEBUG c.c.d.Driver [main] 
2019-12-06 13:57:50,087 DEBUG c.c.m.LoginMenu [main] 
2019-12-06 13:58:27,850 DEBUG c.c.d.Driver [main] 
2019-12-06 13:58:37,170 DEBUG c.c.m.LoginMenu [main] 
2019-12-06 13:59:11,234 DEBUG c.c.d.Driver [main] 
2019-12-06 13:59:17,803 DEBUG c.c.m.LoginMenu [main] 
2019-12-06 14:14:00,752 DEBUG c.c.d.Driver [main] 
2019-12-06 14:14:12,283 DEBUG c.c.m.LoginMenu [main] 
2019-12-06 14:17:51,210 DEBUG c.c.d.Driver [main] 
2019-12-06 14:18:09,587 DEBUG c.c.m.LoginMenu [main] 
2019-12-06 14:25:38,836 DEBUG c.c.d.Driver [main] 
2019-12-06 14:25:43,065 DEBUG c.c.m.LoginMenu [main] 
2019-12-06 14:30:33,542 DEBUG c.c.d.Driver [main] 
2019-12-06 14:30:41,801 DEBUG c.c.m.LoginMenu [main] 
2019-12-06 14:31:19,171 DEBUG c.c.d.Driver [main] 
2019-12-06 14:31:22,938 DEBUG c.c.m.LoginMenu [main] 
2019-12-06 14:34:15,820 DEBUG c.c.d.Driver [main] 
2019-12-06 14:34:24,708 DEBUG c.c.m.LoginMenu [main] 
2019-12-06 14:35:28,181 DEBUG c.c.d.Driver [main] 
2019-12-06 14:35:33,268 DEBUG c.c.m.LoginMenu [main] 
2019-12-06 14:38:45,204 DEBUG c.c.d.Driver [main] 
2019-12-06 14:38:51,422 DEBUG c.c.m.LoginMenu [main] 
2019-12-06 14:44:41,845 DEBUG c.c.d.Driver [main] 
2019-12-06 14:44:48,272 DEBUG c.c.m.LoginMenu [main] 
2019-12-06 15:04:14,861 DEBUG c.c.d.Driver [main] 
2019-12-06 15:04:20,284 DEBUG c.c.m.LoginMenu [main] 
2019-12-06 15:04:37,419 DEBUG c.c.d.Driver [main] 
2019-12-06 15:04:43,181 DEBUG c.c.m.LoginMenu [main] 
2019-12-06 15:06:08,359 DEBUG c.c.d.Driver [main] 
2019-12-06 15:06:12,946 DEBUG c.c.m.LoginMenu [main] 
2019-12-06 15:16:27,676 DEBUG c.c.d.Driver [main] 
2019-12-06 15:16:33,130 DEBUG c.c.m.LoginMenu [main] 
2019-12-06 15:22:10,925 DEBUG c.c.d.Driver [main] 
2019-12-06 15:22:15,720 DEBUG c.c.m.LoginMenu [main] 
2019-12-06 15:28:41,664 DEBUG c.c.d.Driver [main] 
2019-12-06 15:28:46,774 DEBUG c.c.m.LoginMenu [main] 
2019-12-06 15:30:35,966 DEBUG c.c.d.Driver [main] 
2019-12-06 15:30:40,433 DEBUG c.c.m.LoginMenu [main] 
2019-12-06 15:47:36,603 DEBUG c.c.d.Driver [main] 
2019-12-06 15:47:43,221 DEBUG c.c.m.LoginMenu [main] 
2019-12-06 15:50:44,176 DEBUG c.c.d.Driver [main] 
2019-12-06 15:50:51,484 DEBUG c.c.m.LoginMenu [main] 
2019-12-06 16:04:04,336 DEBUG c.c.d.Driver [main] 
2019-12-06 16:04:09,733 DEBUG c.c.m.LoginMenu [main] 
2019-12-06 16:05:43,408 DEBUG c.c.d.Driver [main] 
2019-12-06 16:05:59,101 DEBUG c.c.m.LoginMenu [main] 
2019-12-06 16:07:26,192 DEBUG c.c.d.Driver [main] 
2019-12-06 16:07:31,975 DEBUG c.c.m.LoginMenu [main] 
2019-12-06 16:10:49,133 DEBUG c.c.d.Driver [main] 
2019-12-06 16:10:54,732 DEBUG c.c.m.LoginMenu [main] 
2019-12-06 16:14:58,651 DEBUG c.c.d.Driver [main] 
2019-12-06 16:15:05,501 DEBUG c.c.m.LoginMenu [main] 
2019-12-06 16:15:52,386 DEBUG c.c.d.Driver [main] 
2019-12-06 16:15:58,952 DEBUG c.c.m.LoginMenu [main] 
2019-12-06 16:16:44,274 DEBUG c.c.d.Driver [main] 
2019-12-06 16:16:47,543 DEBUG c.c.m.LoginMenu [main] 
2019-12-06 16:20:16,917 DEBUG c.c.d.Driver [main] 
2019-12-06 16:20:21,428 DEBUG c.c.m.LoginMenu [main] 
2019-12-06 16:20:57,286 DEBUG c.c.d.Driver [main] 
2019-12-06 16:21:02,176 DEBUG c.c.m.LoginMenu [main] 
2019-12-06 16:21:43,486 DEBUG c.c.d.Driver [main] 
2019-12-06 16:21:47,641 DEBUG c.c.m.LoginMenu [main] 
2019-12-06 16:28:46,360 DEBUG c.c.d.Driver [main] 
2019-12-06 16:28:52,965 DEBUG c.c.m.LoginMenu [main] 
2019-12-06 16:29:06,130 DEBUG c.c.d.Driver [main] 
2019-12-06 16:29:09,365 DEBUG c.c.m.LoginMenu [main] 
2019-12-06 16:30:14,227 DEBUG c.c.d.Driver [main] 
2019-12-06 16:30:21,026 DEBUG c.c.m.LoginMenu [main] 
2019-12-06 16:32:30,567 DEBUG c.c.d.Driver [main] 
2019-12-06 16:32:35,170 DEBUG c.c.m.LoginMenu [main] 
2019-12-06 16:39:12,030 DEBUG c.c.d.Driver [main] 
2019-12-06 16:39:16,689 DEBUG c.c.m.LoginMenu [main] 
2019-12-06 16:41:02,096 DEBUG c.c.d.Driver [main] 
2019-12-06 16:41:06,134 DEBUG c.c.m.LoginMenu [main] 
2019-12-06 16:45:58,274 DEBUG c.c.d.Driver [main] 
2019-12-06 16:46:03,360 DEBUG c.c.m.LoginMenu [main] 
2019-12-06 16:46:42,587 DEBUG c.c.d.Driver [main] 
2019-12-06 16:46:47,168 DEBUG c.c.m.LoginMenu [main] 
2019-12-06 16:48:31,499 DEBUG c.c.d.Driver [main] 
2019-12-06 16:48:35,070 DEBUG c.c.m.LoginMenu [main] 
2019-12-06 16:51:25,910 DEBUG c.c.d.Driver [main] 
2019-12-06 16:51:30,838 DEBUG c.c.m.LoginMenu [main] 
2019-12-06 16:51:58,816 DEBUG c.c.d.Driver [main] 
2019-12-06 16:52:01,834 DEBUG c.c.m.LoginMenu [main] 
2019-12-06 16:53:40,581 DEBUG c.c.d.Driver [main] 
2019-12-06 16:53:45,397 DEBUG c.c.m.LoginMenu [main] 
2019-12-06 16:55:56,615 DEBUG c.c.d.Driver [main] 
2019-12-06 16:56:02,150 DEBUG c.c.m.LoginMenu [main] 
2019-12-06 16:57:54,272 DEBUG c.c.d.Driver [main] 
2019-12-06 16:57:56,947 DEBUG c.c.m.LoginMenu [main] 
2019-12-06 16:59:51,498 DEBUG c.c.d.Driver [main] 
2019-12-06 16:59:58,756 DEBUG c.c.m.LoginMenu [main] 
2019-12-06 17:02:14,407 DEBUG c.c.d.Driver [main] 
2019-12-06 17:02:17,567 DEBUG c.c.m.LoginMenu [main] 
2019-12-06 17:02:24,327 DEBUG c.c.d.Driver [main] 
2019-12-06 17:02:27,238 DEBUG c.c.m.LoginMenu [main] 
2019-12-06 17:06:20,219 DEBUG c.c.d.Driver [main] 
2019-12-06 17:06:28,101 DEBUG c.c.m.LoginMenu [main] 
2019-12-06 17:07:54,577 DEBUG c.c.d.Driver [main] 
2019-12-06 17:07:57,575 DEBUG c.c.m.LoginMenu [main] 
2019-12-06 17:09:42,283 DEBUG c.c.d.Driver [main] 
2019-12-06 17:09:47,172 DEBUG c.c.m.LoginMenu [main] 
2019-12-06 17:10:13,600 DEBUG c.c.d.Driver [main] 
2019-12-06 17:10:16,499 DEBUG c.c.m.LoginMenu [main] 
2019-12-06 17:12:22,477 DEBUG c.c.d.Driver [main] 
2019-12-06 17:12:25,018 DEBUG c.c.m.LoginMenu [main] 
2019-12-06 17:21:01,944 DEBUG c.c.d.Driver [main] 
2019-12-06 17:21:05,539 DEBUG c.c.m.LoginMenu [main] 
2019-12-06 17:21:30,957 DEBUG c.c.d.Driver [main] 
2019-12-06 17:21:33,643 DEBUG c.c.m.LoginMenu [main] 
2019-12-06 17:21:54,949 DEBUG c.c.d.Driver [main] 
2019-12-06 17:22:02,769 DEBUG c.c.m.LoginMenu [main] 
2019-12-06 17:23:49,026 DEBUG c.c.d.Driver [main] 
2019-12-06 17:23:55,755 DEBUG c.c.m.LoginMenu [main] 
2019-12-06 17:24:15,237 DEBUG c.c.d.Driver [main] 
2019-12-06 17:24:18,480 DEBUG c.c.m.LoginMenu [main] 
2019-12-06 17:31:15,240 DEBUG c.c.d.Driver [main] 
2019-12-06 17:31:22,021 DEBUG c.c.m.LoginMenu [main] 
2019-12-06 17:32:27,966 DEBUG c.c.d.Driver [main] 
2019-12-06 17:32:32,735 DEBUG c.c.m.LoginMenu [main] 
2019-12-06 17:35:20,368 DEBUG c.c.d.Driver [main] 
2019-12-06 17:35:29,356 DEBUG c.c.m.LoginMenu [main] 
2019-12-06 17:37:55,844 DEBUG c.c.d.Driver [main] 
2019-12-06 17:38:01,945 DEBUG c.c.m.LoginMenu [main] 
2019-12-06 17:39:13,931 DEBUG c.c.d.Driver [main] 
2019-12-06 17:39:20,299 DEBUG c.c.m.LoginMenu [main] 
2019-12-06 17:44:21,471 DEBUG c.c.d.Driver [main] 
2019-12-06 17:44:25,068 DEBUG c.c.m.LoginMenu [main] 
2019-12-06 18:11:48,406 DEBUG c.c.d.Driver [main] 
2019-12-06 18:11:53,670 DEBUG c.c.m.LoginMenu [main] 
2019-12-06 18:12:45,987 DEBUG c.c.d.Driver [main] 
2019-12-06 18:12:49,499 DEBUG c.c.m.LoginMenu [main] 
2019-12-06 18:14:06,637 DEBUG c.c.d.Driver [main] 
2019-12-06 18:14:11,700 DEBUG c.c.m.LoginMenu [main] 
2019-12-06 19:10:42,985 DEBUG c.c.d.Driver [main] 
2019-12-06 19:10:47,222 DEBUG c.c.m.LoginMenu [main] 
2019-12-06 19:12:59,022 DEBUG c.c.d.Driver [main] 
2019-12-06 19:13:00,961 DEBUG c.c.m.LoginMenu [main] 
2019-12-06 19:18:13,993 DEBUG c.c.d.Driver [main] 
2019-12-06 19:18:24,893 DEBUG c.c.m.LoginMenu [main] 
2019-12-06 19:29:33,583 DEBUG c.c.d.Driver [main] 
2019-12-06 19:29:39,489 DEBUG c.c.m.LoginMenu [main] 
2019-12-06 19:31:23,047 DEBUG c.c.d.Driver [main] 
2019-12-06 19:31:27,308 DEBUG c.c.m.LoginMenu [main] 
2019-12-06 19:55:49,809 DEBUG c.c.d.Driver [main] 
2019-12-06 19:55:57,997 DEBUG c.c.m.LoginMenu [main] 
2019-12-06 19:59:31,179 DEBUG c.c.d.Driver [main] 
2019-12-06 19:59:39,531 DEBUG c.c.m.LoginMenu [main] 
2019-12-06 20:38:50,864 DEBUG c.c.d.Driver [main] 
2019-12-06 20:38:54,938 DEBUG c.c.m.LoginMenu [main] 
2019-12-06 21:04:29,531 DEBUG c.c.d.Driver [main] 
2019-12-06 21:26:54,148 DEBUG c.c.d.Driver [main] 
2019-12-06 21:27:02,821 DEBUG c.c.m.LoginMenu [main] 
2019-12-06 21:29:31,827 DEBUG c.c.d.Driver [main] 
2019-12-06 21:29:35,265 DEBUG c.c.m.LoginMenu [main] 
2019-12-06 21:31:40,359 DEBUG c.c.d.Driver [main] 
2019-12-06 21:31:44,644 DEBUG c.c.m.LoginMenu [main] 
2019-12-06 21:32:54,832 DEBUG c.c.d.Driver [main] 
2019-12-06 21:33:01,120 DEBUG c.c.m.LoginMenu [main] 
2019-12-06 21:35:19,804 DEBUG c.c.d.Driver [main] 
2019-12-06 21:35:23,564 DEBUG c.c.m.LoginMenu [main] 
2019-12-06 21:56:45,271 DEBUG c.c.d.Driver [main] 
2019-12-07 13:29:29,530 DEBUG c.c.d.Driver [main] 
2019-12-07 13:29:36,986 DEBUG c.c.m.LoginMenu [main] 
2019-12-07 13:31:18,530 DEBUG c.c.d.Driver [main] 
2019-12-07 13:31:23,472 DEBUG c.c.m.LoginMenu [main] 
2019-12-07 14:34:44,602 DEBUG c.c.d.Driver [main] 
2019-12-07 14:34:58,851 DEBUG c.c.m.LoginMenu [main] 
2019-12-07 14:40:36,968 DEBUG c.c.d.Driver [main] 
2019-12-07 14:40:39,236 DEBUG c.c.m.LoginMenu [main] 
2019-12-07 14:51:10,788 DEBUG c.c.d.Driver [main] 
2019-12-07 14:51:14,373 DEBUG c.c.m.LoginMenu [main] 
2019-12-07 14:53:17,023 DEBUG c.c.d.Driver [main] 
2019-12-07 14:53:20,355 DEBUG c.c.m.LoginMenu [main] 
2019-12-07 15:00:33,914 DEBUG c.c.d.Driver [main] 
2019-12-07 15:00:37,757 DEBUG c.c.m.LoginMenu [main] 
2019-12-07 15:05:23,717 DEBUG c.c.d.Driver [main] 
2019-12-07 15:05:26,667 DEBUG c.c.m.LoginMenu [main] 
2019-12-07 15:07:10,101 DEBUG c.c.d.Driver [main] 
2019-12-07 15:07:12,967 DEBUG c.c.m.LoginMenu [main] 
2019-12-07 15:23:07,379 DEBUG c.c.d.Driver [main] 
2019-12-07 15:23:12,417 DEBUG c.c.m.LoginMenu [main] 
2019-12-07 16:30:41,031 DEBUG c.c.d.Driver [main] 
2019-12-07 16:30:53,131 DEBUG c.c.m.LoginMenu [main] 
2019-12-07 16:32:05,862 DEBUG c.c.d.Driver [main] 
2019-12-07 16:32:11,493 DEBUG c.c.m.LoginMenu [main] 
2019-12-07 16:36:04,300 DEBUG c.c.d.Driver [main] 
2019-12-07 16:36:07,102 DEBUG c.c.m.LoginMenu [main] 
2019-12-07 16:38:25,414 DEBUG c.c.d.Driver [main] 
2019-12-07 16:38:31,242 DEBUG c.c.m.LoginMenu [main] 
2019-12-07 16:39:52,613 DEBUG c.c.d.Driver [main] 
2019-12-07 16:39:55,295 DEBUG c.c.m.LoginMenu [main] 
2019-12-07 16:55:44,286 DEBUG c.c.d.Driver [main] 
2019-12-07 16:55:52,072 DEBUG c.c.m.LoginMenu [main] 
2019-12-07 17:00:17,497 DEBUG c.c.d.Driver [main] 
2019-12-07 17:00:23,493 DEBUG c.c.m.LoginMenu [main] 
2019-12-07 17:02:25,890 DEBUG c.c.d.Driver [main] 
2019-12-07 17:02:31,795 DEBUG c.c.m.LoginMenu [main] 
2019-12-07 17:05:15,111 DEBUG c.c.d.Driver [main] 
2019-12-07 17:05:22,594 DEBUG c.c.m.LoginMenu [main] 
2019-12-07 17:06:04,956 DEBUG c.c.d.Driver [main] 
2019-12-07 17:06:09,979 DEBUG c.c.m.LoginMenu [main] 
